Begin cycle!
Begin cycle!
Begin cycle!
Reading first prefix: 2a
Reading second prefix: 61
Reading length 1: 00
Reading length 2: 0a
Reading whole length: 10
Reading data 0: 64
Reading data 1: 9b
Reading data 2: 0c
Reading data 3: 01
Reading data 4: 01
Reading data 5: e5
Reading data 6: ff
Reading data 7: 11
Reading data 8: 68
Reading data 9: 0a
Pristup zamitnut
Begin cycle!
Reading first prefix: 2a
Reading second prefix: 61
Reading length 1: 00
Reading length 2: 05
Reading whole length: 5
Reading data 0: 78
Reading data 1: 02
Reading data 2: 00
Reading data 3: f5
Reading data 4: 0a
NOT CARD READER!
Begin cycle!
Reading first prefix: 2a
Reading second prefix: 61
Reading length 1: 00
Reading length 2: 0a
Reading whole length: 10
Reading data 0: 64
Reading data 1: 9c
Reading data 2: 0c
Reading data 3: 01
Reading data 4: 01
Reading data 5: e5
Reading data 6: ff
Reading data 7: 11
Reading data 8: 67
Reading data 9: 0a
Pristup zamitnut
Begin cycle!
Reading first prefix: 2a
Reading second prefix: 61
Reading length 1: 00
Reading length 2: 05
Reading whole length: 5
Reading data 0: 78
Reading data 1: 02
Reading data 2: 00
Reading data 3: f5
Reading data 4: 0a
NOT CARD READER!
Begin cycle!
Begin cycle!
Reading first prefix: 2a
Reading second prefix: 61
Reading length 1: 00
Reading length 2: 0a
Reading whole length: 10
Reading data 0: 64
Reading data 1: 02
Reading data 2: 0c
Reading data 3: 01
Reading data 4: 01
Reading data 5: e5
Reading data 6: ff
Reading data 7: 11
Reading data 8: 01
Reading data 9: 0d
Pristup zamitnut
Begin cycle!
Reading first prefix: 2a
Reading second prefix: 61
Reading length 1: 00
Reading length 2: 05
Reading whole length: 5
Reading data 0: 78
Reading data 1: 02
Reading data 2: 00
Reading data 3: f5
Reading data 4: 0d
NOT CARD READER!
Begin cycle!
Reading first prefix: 2a
Reading second prefix: 61
Reading length 1: 00
Reading length 2: 0a
Reading whole length: 10
Reading data 0: 64
Reading data 1: 03
Reading data 2: 0c
Reading data 3: 01
Reading data 4: 01
Reading data 5: e5
Reading data 6: ff
Reading data 7: 11
Reading data 8: 00
Reading data 9: 0d
Pristup zamitnut
Begin cycle!
Reading first prefix: 2a
Reading second prefix: 61
Reading length 1: 00
Reading length 2: 05
Reading whole length: 5
Reading data 0: 78
Reading data 1: 02
Reading data 2: 00
Reading data 3: f5
Reading data 4: 0d
NOT CARD READER!
Begin cycle!
